::1 - [24/May/2016:09:39:09 -0700] "GET / HTTP/1.1" 0 1055
::1 - [24/May/2016:09:39:09 -0700] "GET /favicon.ico HTTP/1.1" 200 0
::1 - [24/May/2016:09:41:15 -0700] "GET / HTTP/1.1" 0 1055
::1 - [24/May/2016:09:41:15 -0700] "GET /favicon.ico HTTP/1.1" 200 0
127.0.0.1 - [24/May/2016:09:43:51 -0700] "GET / HTTP/1.1" 0 1055
127.0.0.1 - [24/May/2016:09:43:51 -0700] "GET /favicon.ico HTTP/1.1" 200 0
::1 - [24/May/2016:09:47:29 -0700] "GET / HTTP/1.1" 0 2249
::1 - [24/May/2016:09:47:30 -0700] "GET /favicon.ico HTTP/1.1" 200 0
::1 - [24/May/2016:09:48:56 -0700] "GET / HTTP/1.1" 0 2249
::1 - [24/May/2016:09:48:57 -0700] "GET /favicon.ico HTTP/1.1" 200 0
::1 - [24/May/2016:09:57:40 -0700] "GET / HTTP/1.1" 500 4485
::1 - [24/May/2016:09:57:40 -0700] "GET /favicon.ico HTTP/1.1" 200 0
::1 - [24/May/2016:10:00:32 -0700] "GET / HTTP/1.1" 200 1019
::1 - [24/May/2016:10:00:32 -0700] "GET /favicon.ico HTTP/1.1" 200 0
::1 - [24/May/2016:10:00:41 -0700] "GET / HTTP/1.1" 200 1019
::1 - [24/May/2016:10:00:41 -0700] "GET /favicon.ico HTTP/1.1" 200 0
::1 - [24/May/2016:10:00:46 -0700] "GET / HTTP/1.1" 200 1019
::1 - [24/May/2016:10:00:46 -0700] "GET /favicon.ico HTTP/1.1" 200 0
68.107.66.55 - [24/May/2016:10:05:54 -0700] "GET / HTTP/1.1" 200 1019
68.107.66.55 - [24/May/2016:10:05:54 -0700] "GET /favicon.ico HTTP/1.1" 200 0
::1 - [24/May/2016:10:06:47 -0700] "GET / HTTP/1.1" 200 1019
::1 - [24/May/2016:10:06:48 -0700] "GET /favicon.ico HTTP/1.1" 200 0
::1 - [24/May/2016:10:07:40 -0700] "GET / HTTP/1.1" 200 1017
::1 - [24/May/2016:10:07:41 -0700] "GET /favicon.ico HTTP/1.1" 200 0
::1 - [24/May/2016:13:54:09 -0700] "GET /task HTTP/1.1" 404 11130
::1 - [24/May/2016:13:54:09 -0700] "GET /favicon.ico HTTP/1.1" 200 0
::1 - [24/May/2016:13:54:41 -0700] "GET / HTTP/1.1" 200 1017
::1 - [24/May/2016:13:54:41 -0700] "GET /favicon.ico HTTP/1.1" 200 0
::1 - [24/May/2016:13:54:59 -0700] "GET /task HTTP/1.1" 200 1449
::1 - [24/May/2016:13:54:59 -0700] "GET /favicon.ico HTTP/1.1" 200 0
::1 - [24/May/2016:13:55:08 -0700] "POST /task HTTP/1.1" 500 22313
::1 - [24/May/2016:13:55:08 -0700] "GET /favicon.ico HTTP/1.1" 200 0
::1 - [24/May/2016:14:05:01 -0700] "GET /task HTTP/1.1" 500 14836
::1 - [24/May/2016:14:05:01 -0700] "GET /favicon.ico HTTP/1.1" 200 0
::1 - [24/May/2016:14:05:33 -0700] "GET /task HTTP/1.1" 500 22257
::1 - [24/May/2016:14:05:33 -0700] "GET /favicon.ico HTTP/1.1" 200 0
::1 - [24/May/2016:14:06:32 -0700] "GET /task HTTP/1.1" 200 1418
::1 - [24/May/2016:14:06:33 -0700] "GET /favicon.ico HTTP/1.1" 200 0
::1 - [24/May/2016:14:06:41 -0700] "POST /task HTTP/1.1" 500 23500
::1 - [24/May/2016:14:06:42 -0700] "GET /favicon.ico HTTP/1.1" 200 0
::1 - [24/May/2016:14:07:17 -0700] "POST /task HTTP/1.1" 302 308
::1 - [24/May/2016:14:07:17 -0700] "GET / HTTP/1.1" 200 1017
::1 - [24/May/2016:14:07:18 -0700] "GET /favicon.ico HTTP/1.1" 200 0
::1 - [24/May/2016:14:07:36 -0700] "GET /task HTTP/1.1" 200 2057
::1 - [24/May/2016:14:07:36 -0700] "GET /favicon.ico HTTP/1.1" 200 0
::1 - [24/May/2016:14:07:40 -0700] "POST /task HTTP/1.1" 302 328
::1 - [24/May/2016:14:07:40 -0700] "GET /task HTTP/1.1" 200 2179
::1 - [24/May/2016:14:07:40 -0700] "GET /favicon.ico HTTP/1.1" 200 0
::1 - [24/May/2016:14:07:46 -0700] "GET /favicon.ico HTTP/1.1" 200 0
::1 - [24/May/2016:14:16:01 -0700] "GET /task HTTP/1.1" 200 3436
::1 - [24/May/2016:14:16:01 -0700] "GET /favicon.ico HTTP/1.1" 200 0
::1 - [24/May/2016:14:16:12 -0700] "POST /task HTTP/1.1" 302 308
::1 - [24/May/2016:14:16:12 -0700] "GET / HTTP/1.1" 200 1017
::1 - [24/May/2016:14:16:12 -0700] "GET /favicon.ico HTTP/1.1" 200 0
::1 - [24/May/2016:14:16:14 -0700] "GET /task HTTP/1.1" 200 3436
::1 - [24/May/2016:14:16:14 -0700] "GET /favicon.ico HTTP/1.1" 200 0
::1 - [24/May/2016:14:16:15 -0700] "POST /task HTTP/1.1" 302 308
::1 - [24/May/2016:14:16:15 -0700] "GET / HTTP/1.1" 200 1017
::1 - [24/May/2016:14:16:15 -0700] "GET /favicon.ico HTTP/1.1" 200 0
::1 - [24/May/2016:14:16:36 -0700] "GET / HTTP/1.1" 200 1017
::1 - [24/May/2016:14:16:36 -0700] "GET /favicon.ico HTTP/1.1" 200 0
::1 - [24/May/2016:14:16:39 -0700] "GET /task HTTP/1.1" 200 3436
::1 - [24/May/2016:14:16:39 -0700] "GET /favicon.ico HTTP/1.1" 200 0
::1 - [24/May/2016:14:16:40 -0700] "POST /task HTTP/1.1" 302 328
::1 - [24/May/2016:14:16:40 -0700] "GET /task HTTP/1.1" 200 3616
::1 - [24/May/2016:14:16:41 -0700] "GET /favicon.ico HTTP/1.1" 200 0
::1 - [24/May/2016:14:16:48 -0700] "POST /task/1 HTTP/1.1" 302 328
::1 - [24/May/2016:14:16:48 -0700] "GET /task HTTP/1.1" 200 2944
::1 - [24/May/2016:14:16:48 -0700] "GET /favicon.ico HTTP/1.1" 200 0
::1 - [24/May/2016:14:27:45 -0700] "POST /task HTTP/1.1" 302 328
::1 - [24/May/2016:14:27:46 -0700] "GET /task HTTP/1.1" 200 3440
::1 - [24/May/2016:14:27:46 -0700] "GET /favicon.ico HTTP/1.1" 200 0
::1 - [24/May/2016:14:27:47 -0700] "POST /task/4 HTTP/1.1" 302 328
::1 - [24/May/2016:14:27:47 -0700] "GET /task HTTP/1.1" 200 2944
::1 - [24/May/2016:14:27:48 -0700] "GET /favicon.ico HTTP/1.1" 200 0
::1 - [24/May/2016:17:34:26 -0700] "GET / HTTP/1.1" 500 48481
::1 - [24/May/2016:17:34:27 -0700] "GET /favicon.ico HTTP/1.1" 200 0
::1 - [24/May/2016:17:35:43 -0700] "GET / HTTP/1.1" 200 573
::1 - [24/May/2016:17:35:43 -0700] "GET /js/geo.js HTTP/1.1" 404 11536
::1 - [24/May/2016:17:35:44 -0700] "GET /favicon.ico HTTP/1.1" 200 0
::1 - [24/May/2016:17:35:48 -0700] "GET /favicon.ico HTTP/1.1" 200 0
::1 - [24/May/2016:17:36:14 -0700] "GET / HTTP/1.1" 200 573
::1 - [24/May/2016:17:36:14 -0700] "GET /js/geo.js HTTP/1.1" 404 11536
::1 - [24/May/2016:17:36:15 -0700] "GET /favicon.ico HTTP/1.1" 200 0
::1 - [24/May/2016:17:39:02 -0700] "GET / HTTP/1.1" 200 730
::1 - [24/May/2016:17:39:03 -0700] "GET /favicon.ico HTTP/1.1" 200 0
::1 - [24/May/2016:17:42:28 -0700] "GET / HTTP/1.1" 200 810
::1 - [24/May/2016:17:42:28 -0700] "GET /js/geo.js HTTP/1.1" 404 11536
::1 - [24/May/2016:17:42:29 -0700] "GET /favicon.ico HTTP/1.1" 200 0
::1 - [24/May/2016:17:44:17 -0700] "GET / HTTP/1.1" 200 810
::1 - [24/May/2016:17:44:17 -0700] "GET /js/geo.js HTTP/1.1" 200 0
::1 - [24/May/2016:17:44:18 -0700] "GET /favicon.ico HTTP/1.1" 200 0
::1 - [24/May/2016:17:45:33 -0700] "GET / HTTP/1.1" 200 810
::1 - [24/May/2016:17:45:33 -0700] "GET /js/geo.js HTTP/1.1" 200 0
::1 - [24/May/2016:17:45:34 -0700] "GET /favicon.ico HTTP/1.1" 200 0
::1 - [24/May/2016:17:46:07 -0700] "GET /js/geo.js HTTP/1.1" 200 0
::1 - [24/May/2016:17:46:07 -0700] "GET /favicon.ico HTTP/1.1" 200 0
::1 - [24/May/2016:17:46:20 -0700] "GET /favicon.ico HTTP/1.1" 200 0
::1 - [24/May/2016:19:26:12 -0700] "GET /js/geo.js HTTP/1.1" 200 0
::1 - [24/May/2016:19:26:13 -0700] "GET /favicon.ico HTTP/1.1" 200 0
::1 - [24/May/2016:19:26:13 -0700] "GET /js/geo.js HTTP/1.1" 200 0
::1 - [24/May/2016:19:26:14 -0700] "GET /favicon.ico HTTP/1.1" 200 0
::1 - [24/May/2016:21:17:31 -0700] "GET /js/geo.js HTTP/1.1" 200 0
::1 - [24/May/2016:21:17:31 -0700] "GET /js/geo.js HTTP/1.1" 200 0
::1 - [24/May/2016:21:17:32 -0700] "GET /favicon.ico HTTP/1.1" 200 0
::1 - [24/May/2016:21:17:32 -0700] "GET /favicon.ico HTTP/1.1" 200 0
::1 - [24/May/2016:21:17:53 -0700] "GET /js/geo.js HTTP/1.1" 200 0
::1 - [24/May/2016:21:17:53 -0700] "GET /favicon.ico HTTP/1.1" 200 0
::1 - [24/May/2016:21:17:55 -0700] "GET /js/geo.js HTTP/1.1" 200 0
::1 - [24/May/2016:21:17:55 -0700] "GET /favicon.ico HTTP/1.1" 200 0
::1 - [24/May/2016:21:20:41 -0700] "GET /js/geo.js HTTP/1.1" 200 0
::1 - [24/May/2016:21:20:41 -0700] "GET /favicon.ico HTTP/1.1" 200 0
::1 - [24/May/2016:21:20:54 -0700] "GET / HTTP/1.1" 200 810
::1 - [24/May/2016:21:20:56 -0700] "GET /favicon.ico HTTP/1.1" 200 0
::1 - [24/May/2016:21:21:05 -0700] "GET /js/geo.js HTTP/1.1" 200 0
::1 - [24/May/2016:21:21:05 -0700] "GET /favicon.ico HTTP/1.1" 200 0
::1 - [24/May/2016:21:29:31 -0700] "GET /favicon.ico HTTP/1.1" 200 0
::1 - [24/May/2016:21:29:38 -0700] "GET /favicon.ico HTTP/1.1" 200 0
::1 - [24/May/2016:21:29:40 -0700] "GET /favicon.ico HTTP/1.1" 200 0
::1 - [24/May/2016:21:29:55 -0700] "GET / HTTP/1.1" 500 47230
::1 - [24/May/2016:21:29:55 -0700] "GET /favicon.ico HTTP/1.1" 200 0
::1 - [24/May/2016:21:29:57 -0700] "GET / HTTP/1.1" 500 47230
::1 - [24/May/2016:21:29:57 -0700] "GET /favicon.ico HTTP/1.1" 200 0
::1 - [24/May/2016:21:37:12 -0700] "GET / HTTP/1.1" 500 47230
::1 - [24/May/2016:21:37:12 -0700] "GET /favicon.ico HTTP/1.1" 200 0
::1 - [24/May/2016:21:37:42 -0700] "GET / HTTP/1.1" 500 50845
::1 - [24/May/2016:21:37:42 -0700] "GET /favicon.ico HTTP/1.1" 200 0
::1 - [24/May/2016:21:40:52 -0700] "GET / HTTP/1.1" 0 2283
::1 - [24/May/2016:21:40:53 -0700] "GET /favicon.ico HTTP/1.1" 200 0
::1 - [24/May/2016:21:40:57 -0700] "GET / HTTP/1.1" 0 2283
::1 - [24/May/2016:21:40:57 -0700] "GET /favicon.ico HTTP/1.1" 200 0
::1 - [24/May/2016:21:45:14 -0700] "GET / HTTP/1.1" 500 47230
::1 - [24/May/2016:21:45:14 -0700] "GET /favicon.ico HTTP/1.1" 200 0
::1 - [24/May/2016:21:45:45 -0700] "GET / HTTP/1.1" 200 810
::1 - [24/May/2016:21:45:45 -0700] "GET /js/geo.js HTTP/1.1" 200 0
::1 - [24/May/2016:21:45:47 -0700] "GET /favicon.ico HTTP/1.1" 200 0
::1 - [24/May/2016:21:46:33 -0700] "GET /robots.txt HTTP/1.1" 200 0
::1 - [24/May/2016:21:46:33 -0700] "GET /favicon.ico HTTP/1.1" 200 0
::1 - [24/May/2016:21:50:11 -0700] "GET /robots.txt HTTP/1.1" 200 0
::1 - [24/May/2016:21:50:11 -0700] "GET /favicon.ico HTTP/1.1" 200 0
::1 - [24/May/2016:22:12:24 -0700] "GET /robotds.txt HTTP/1.1" 404 11536
::1 - [24/May/2016:22:12:25 -0700] "GET /favicon.ico HTTP/1.1" 200 0
::1 - [24/May/2016:22:12:35 -0700] "GET /robots.txt HTTP/1.1" 200 0
::1 - [24/May/2016:22:12:35 -0700] "GET /favicon.ico HTTP/1.1" 200 0
::1 - [24/May/2016:22:20:46 -0700] "GET / HTTP/1.1" 200 810
::1 - [24/May/2016:22:20:46 -0700] "GET /js/geo.js HTTP/1.1" 404 14
::1 - [24/May/2016:22:20:47 -0700] "GET /favicon.ico HTTP/1.1" 404 14
::1 - [24/May/2016:22:20:57 -0700] "GET /js/geo.js HTTP/1.1" 404 14
::1 - [24/May/2016:22:39:41 -0700] "GET /js/geo.js HTTP/1.1" 404 14
::1 - [24/May/2016:22:42:52 -0700] "GET /js/geo.js HTTP/1.1" 0 526
::1 - [24/May/2016:22:43:46 -0700] "GET /js/geo.js HTTP/1.1" 0 855
::1 - [24/May/2016:22:47:55 -0700] "GET /js/geo.js HTTP/1.1" 0 526
::1 - [24/May/2016:22:52:45 -0700] "GET /js/geo.js HTTP/1.1" 404 14
::1 - [24/May/2016:22:52:50 -0700] "GET /public/js/geo.js HTTP/1.1" 200 1280
::1 - [24/May/2016:22:52:59 -0700] "GET / HTTP/1.1" 200 810
::1 - [24/May/2016:22:53:00 -0700] "GET /js/geo.js HTTP/1.1" 404 14
::1 - [24/May/2016:22:59:03 -0700] "GET / HTTP/1.1" 200 817
::1 - [24/May/2016:22:59:04 -0700] "GET /public/js/geo.js HTTP/1.1" 200 1280
::1 - [24/May/2016:22:59:52 -0700] "GET / HTTP/1.1" 200 829
::1 - [24/May/2016:22:59:52 -0700] "GET /public/js/geo.js HTTP/1.1" 200 1280
::1 - [24/May/2016:23:01:02 -0700] "GET / HTTP/1.1" 200 593
::1 - [24/May/2016:23:01:02 -0700] "GET /public/js/geo.js HTTP/1.1" 200 1428
::1 - [24/May/2016:23:02:03 -0700] "GET / HTTP/1.1" 200 593
::1 - [24/May/2016:23:02:03 -0700] "GET /public/js/geo.js HTTP/1.1" 200 1424
::1 - [24/May/2016:23:02:16 -0700] "GET / HTTP/1.1" 200 605
::1 - [24/May/2016:23:02:16 -0700] "GET /public/js/geo.js HTTP/1.1" 200 1424
::1 - [24/May/2016:23:03:55 -0700] "GET / HTTP/1.1" 200 605
::1 - [24/May/2016:23:03:55 -0700] "GET /public/js/geo.js HTTP/1.1" 200 1481
::1 - [24/May/2016:23:07:37 -0700] "GET / HTTP/1.1" 200 605
::1 - [24/May/2016:23:07:37 -0700] "GET /public/js/geo.js HTTP/1.1" 200 1501
68.107.66.55 - [24/May/2016:23:08:39 -0700] "GET / HTTP/1.1" 200 611
68.107.66.55 - [24/May/2016:23:09:13 -0700] "GET / HTTP/1.1" 200 611
::1 - [24/May/2016:23:09:27 -0700] "GET / HTTP/1.1" 200 605
::1 - [24/May/2016:23:09:27 -0700] "GET /public/js/geo.js HTTP/1.1" 200 1501
::1 - [24/May/2016:23:31:43 -0700] "POST /lookup HTTP/1.1" 404 14
::1 - [24/May/2016:23:32:17 -0700] "GET / HTTP/1.1" 200 605
::1 - [24/May/2016:23:33:03 -0700] "POST / HTTP/1.1" 405 12372
::1 - [24/May/2016:23:33:38 -0700] "POST /task HTTP/1.1" 404 14
::1 - [24/May/2016:23:34:20 -0700] "POST /task HTTP/1.1" 404 14
::1 - [24/May/2016:23:34:46 -0700] "GET /task HTTP/1.1" 404 14
::1 - [24/May/2016:23:38:38 -0700] "GET /task HTTP/1.1" 0 87
::1 - [24/May/2016:23:38:47 -0700] "GET / HTTP/1.1" 0 87
::1 - [24/May/2016:23:39:02 -0700] "GET / HTTP/1.1" 0 87
::1 - [24/May/2016:23:39:10 -0700] "GET /task HTTP/1.1" 0 87
::1 - [24/May/2016:23:39:12 -0700] "GET /task HTTP/1.1" 0 87
::1 - [24/May/2016:23:41:00 -0700] "GET /task HTTP/1.1" 404 14
::1 - [24/May/2016:23:41:04 -0700] "GET / HTTP/1.1" 404 14
::1 - [24/May/2016:23:43:52 -0700] "GET / HTTP/1.1" 200 605
::1 - [24/May/2016:23:43:52 -0700] "GET /public/js/geo.js HTTP/1.1" 404 14
::1 - [24/May/2016:23:44:03 -0700] "GET /task HTTP/1.1" 200 1622
::1 - [24/May/2016:23:44:18 -0700] "POST /lookup HTTP/1.1" 500 20565
::1 - [24/May/2016:23:48:20 -0700] "GET / HTTP/1.1" 200 903
::1 - [24/May/2016:23:48:20 -0700] "GET /public/js/geo.js HTTP/1.1" 404 14
::1 - [24/May/2016:23:48:30 -0700] "GET /js/geo.js HTTP/1.1" 200 1501
::1 - [24/May/2016:23:48:42 -0700] "GET / HTTP/1.1" 200 896
::1 - [24/May/2016:23:48:42 -0700] "GET /js/geo.js HTTP/1.1" 200 1501
::1 - [24/May/2016:23:49:23 -0700] "GET / HTTP/1.1" 200 926
::1 - [24/May/2016:23:49:23 -0700] "GET /js/geo.js HTTP/1.1" 200 1501
::1 - [24/May/2016:23:49:30 -0700] "POST /lookup HTTP/1.1" 500 27082
::1 - [24/May/2016:23:49:48 -0700] "POST /lookup HTTP/1.1" 500 26582
::1 - [24/May/2016:23:50:31 -0700] "POST /lookup HTTP/1.1" 200 45
::1 - [24/May/2016:23:53:14 -0700] "GET / HTTP/1.1" 200 926
::1 - [24/May/2016:23:53:14 -0700] "GET /js/geo.js HTTP/1.1" 200 1629
::1 - [25/May/2016:00:01:22 -0700] "POST /lookup HTTP/1.1" 500 26584
::1 - [25/May/2016:00:01:41 -0700] "POST /lookup HTTP/1.1" 500 26563
::1 - [25/May/2016:00:01:47 -0700] "GET / HTTP/1.1" 200 926
::1 - [25/May/2016:00:01:48 -0700] "GET /js/geo.js HTTP/1.1" 200 1629
::1 - [25/May/2016:00:01:50 -0700] "POST /lookup HTTP/1.1" 500 26563
::1 - [25/May/2016:00:01:55 -0700] "POST /lookup HTTP/1.1" 500 26584
::1 - [25/May/2016:00:02:52 -0700] "POST /lookup HTTP/1.1" 500 26563
::1 - [25/May/2016:00:05:36 -0700] "POST /lookup HTTP/1.1" 500 27005
::1 - [25/May/2016:00:06:52 -0700] "POST /lookup HTTP/1.1" 200 5372
::1 - [25/May/2016:00:07:19 -0700] "POST /lookup HTTP/1.1" 200 89
::1 - [25/May/2016:00:17:01 -0700] "GET / HTTP/1.1" 200 926
::1 - [25/May/2016:00:17:01 -0700] "GET /js/geo.js HTTP/1.1" 200 2621
::1 - [25/May/2016:00:17:40 -0700] "GET / HTTP/1.1" 200 926
::1 - [25/May/2016:00:17:40 -0700] "GET /js/geo.js HTTP/1.1" 200 2670
::1 - [25/May/2016:00:18:16 -0700] "GET / HTTP/1.1" 200 926
::1 - [25/May/2016:00:18:16 -0700] "GET /js/geo.js HTTP/1.1" 200 2497
